{
  "RSpec": {
    "coverage": {
      "/Users/lukeusher/Documents/MAKERS/bookmark-manager/spec/bookmark_spec.rb": {
        "lines": [
          1,
          null,
          1,
          1,
          null,
          null
        ]
      },
      "/Users/lukeusher/Documents/MAKERS/bookmark-manager/lib/bookmark.rb": {
        "lines": [
          1,
          null,
          null
        ]
      },
      "/Users/lukeusher/Documents/MAKERS/bookmark-manager/spec/features/viewing_bookmarks_spec.rb": {
        "lines": [
          1,
          1,
          1,
          1,
          1,
          null,
          null
        ]
      }
    },
    "timestamp": 1626705290
  }
}
